<?xml version="1.0" encoding="UTF-8"?>
<testng-results ignored="0" total="35" passed="35" failed="0" skipped="0">
  <reporter-output>
  </reporter-output>
  <suite started-at="2022-11-13T12:41:23 IST" name="Test cases" finished-at="2022-11-13T12:44:31 IST" duration-ms="187817">
    <groups>
    </groups>
    <test started-at="2022-11-13T12:41:23 IST" name="Assignment2" finished-at="2022-11-13T12:41:47 IST" duration-ms="23801">
      <class name="com.sgtesting.scenario.Assignment2">
        <test-method signature="lanchDriver()[pri:1, instance:com.sgtesting.scenario.Assignment2@fa49800]" started-at="2022-11-13T12:41:23 IST" name="lanchDriver" finished-at="2022-11-13T12:41:27 IST" duration-ms="4054" status="PASS">
          <reporter-output>
          </reporter-output>
        </test-method> <!-- lanchDriver -->
        <test-method signature="navigate()[pri:2, instance:com.sgtesting.scenario.Assignment2@fa49800]" started-at="2022-11-13T12:41:27 IST" name="navigate" finished-at="2022-11-13T12:41:31 IST" duration-ms="3493" status="PASS">
          <reporter-output>
          </reporter-output>
        </test-method> <!-- navigate -->
        <test-method signature="login(java.lang.String,java.lang.String)[pri:3, instance:com.sgtesting.scenario.Assignment2@fa49800]" started-at="2022-11-13T12:41:31 IST" name="login" data-provider="login" finished-at="2022-11-13T12:41:35 IST" duration-ms="4374" status="PASS">
          <params>
            <param index="0">
              <value>
                <![CDATA[admin]]>
              </value>
            </param>
            <param index="1">
              <value>
                <![CDATA[manager]]>
              </value>
            </param>
          </params>
          <reporter-output>
          </reporter-output>
        </test-method> <!-- login -->
        <test-method signature="minimizeflywindow()[pri:4, instance:com.sgtesting.scenario.Assignment2@fa49800]" started-at="2022-11-13T12:41:35 IST" name="minimizeflywindow" finished-at="2022-11-13T12:41:35 IST" duration-ms="38" status="PASS">
          <reporter-output>
          </reporter-output>
        </test-method> <!-- minimizeflywindow -->
        <test-method signature="createuser(java.lang.String,java.lang.String,java.lang.String)[pri:5, instance:com.sgtesting.scenario.Assignment2@fa49800]" started-at="2022-11-13T12:41:35 IST" name="createuser" data-provider="createuser" finished-at="2022-11-13T12:41:40 IST" duration-ms="4545" status="PASS">
          <params>
            <param index="0">
              <value>
                <![CDATA[demo]]>
              </value>
            </param>
            <param index="1">
              <value>
                <![CDATA[user]]>
              </value>
            </param>
            <param index="2">
              <value>
                <![CDATA[demo@gamil.com]]>
              </value>
            </param>
          </params>
          <reporter-output>
          </reporter-output>
        </test-method> <!-- createuser -->
        <test-method signature="modifyuser()[pri:6, instance:com.sgtesting.scenario.Assignment2@fa49800]" started-at="2022-11-13T12:41:40 IST" name="modifyuser" finished-at="2022-11-13T12:41:46 IST" duration-ms="5906" status="PASS">
          <reporter-output>
          </reporter-output>
        </test-method> <!-- modifyuser -->
        <test-method signature="deleteuser()[pri:7, instance:com.sgtesting.scenario.Assignment2@fa49800]" started-at="2022-11-13T12:41:46 IST" name="deleteuser" finished-at="2022-11-13T12:41:47 IST" duration-ms="1095" status="PASS">
          <reporter-output>
          </reporter-output>
        </test-method> <!-- deleteuser -->
        <test-method signature="logout()[pri:8, instance:com.sgtesting.scenario.Assignment2@fa49800]" started-at="2022-11-13T12:41:47 IST" name="logout" finished-at="2022-11-13T12:41:47 IST" duration-ms="71" status="PASS">
          <reporter-output>
          </reporter-output>
        </test-method> <!-- logout -->
        <test-method signature="closeApplication()[pri:9, instance:com.sgtesting.scenario.Assignment2@fa49800]" started-at="2022-11-13T12:41:47 IST" name="closeApplication" finished-at="2022-11-13T12:41:47 IST" duration-ms="135" status="PASS">
          <reporter-output>
          </reporter-output>
        </test-method> <!-- closeApplication -->
      </class> <!-- com.sgtesting.scenario.Assignment2 -->
    </test> <!-- Assignment2 -->
    <test started-at="2022-11-13T12:41:47 IST" name="Assignment3" finished-at="2022-11-13T12:42:26 IST" duration-ms="39218">
      <class name="com.sgtesting.scenario.Assignment3">
        <test-method signature="lanchDriver()[pri:1, instance:com.sgtesting.scenario.Assignment3@51e69659]" started-at="2022-11-13T12:41:47 IST" name="lanchDriver" finished-at="2022-11-13T12:41:48 IST" duration-ms="650" status="PASS">
          <reporter-output>
          </reporter-output>
        </test-method> <!-- lanchDriver -->
        <test-method signature="navigate()[pri:2, instance:com.sgtesting.scenario.Assignment3@51e69659]" started-at="2022-11-13T12:41:48 IST" name="navigate" finished-at="2022-11-13T12:41:50 IST" duration-ms="2675" status="PASS">
          <reporter-output>
          </reporter-output>
        </test-method> <!-- navigate -->
        <test-method signature="login(java.lang.String,java.lang.String)[pri:3, instance:com.sgtesting.scenario.Assignment3@51e69659]" started-at="2022-11-13T12:41:50 IST" name="login" data-provider="loginDetails" finished-at="2022-11-13T12:41:54 IST" duration-ms="3201" status="PASS">
          <params>
            <param index="0">
              <value>
                <![CDATA[admin]]>
              </value>
            </param>
            <param index="1">
              <value>
                <![CDATA[manager]]>
              </value>
            </param>
          </params>
          <reporter-output>
          </reporter-output>
        </test-method> <!-- login -->
        <test-method signature="minimizeflywindow()[pri:4, instance:com.sgtesting.scenario.Assignment3@51e69659]" started-at="2022-11-13T12:41:54 IST" name="minimizeflywindow" finished-at="2022-11-13T12:41:59 IST" duration-ms="5101" status="PASS">
          <reporter-output>
          </reporter-output>
        </test-method> <!-- minimizeflywindow -->
        <test-method signature="createcustomer(java.lang.String)[pri:5, instance:com.sgtesting.scenario.Assignment3@51e69659]" started-at="2022-11-13T12:41:59 IST" name="createcustomer" data-provider="customerDetails" finished-at="2022-11-13T12:42:10 IST" duration-ms="10783" status="PASS">
          <params>
            <param index="0">
              <value>
                <![CDATA[Askshi]]>
              </value>
            </param>
          </params>
          <reporter-output>
          </reporter-output>
        </test-method> <!-- createcustomer -->
        <test-method signature="deletecustomer()[pri:6, instance:com.sgtesting.scenario.Assignment3@51e69659]" started-at="2022-11-13T12:42:10 IST" name="deletecustomer" finished-at="2022-11-13T12:42:26 IST" duration-ms="16621" status="PASS">
          <reporter-output>
          </reporter-output>
        </test-method> <!-- deletecustomer -->
        <test-method signature="logout()[pri:7, instance:com.sgtesting.scenario.Assignment3@51e69659]" started-at="2022-11-13T12:42:26 IST" name="logout" finished-at="2022-11-13T12:42:26 IST" duration-ms="55" status="PASS">
          <reporter-output>
          </reporter-output>
        </test-method> <!-- logout -->
        <test-method signature="closeApplication()[pri:8, instance:com.sgtesting.scenario.Assignment3@51e69659]" started-at="2022-11-13T12:42:26 IST" name="closeApplication" finished-at="2022-11-13T12:42:26 IST" duration-ms="116" status="PASS">
          <reporter-output>
          </reporter-output>
        </test-method> <!-- closeApplication -->
      </class> <!-- com.sgtesting.scenario.Assignment3 -->
    </test> <!-- Assignment3 -->
    <test started-at="2022-11-13T12:42:26 IST" name="Assignment7" finished-at="2022-11-13T12:44:31 IST" duration-ms="124688">
      <class name="com.sgtesting.scenario.Assignment7">
        <test-method signature="lanchDriver()[pri:1, instance:com.sgtesting.scenario.Assignment7@4659191b]" started-at="2022-11-13T12:42:26 IST" name="lanchDriver" finished-at="2022-11-13T12:42:27 IST" duration-ms="681" status="PASS">
          <reporter-output>
          </reporter-output>
        </test-method> <!-- lanchDriver -->
        <test-method signature="navigate()[pri:2, instance:com.sgtesting.scenario.Assignment7@4659191b]" started-at="2022-11-13T12:42:27 IST" name="navigate" finished-at="2022-11-13T12:42:30 IST" duration-ms="2598" status="PASS">
          <reporter-output>
          </reporter-output>
        </test-method> <!-- navigate -->
        <test-method signature="login(java.lang.String,java.lang.String)[pri:3, instance:com.sgtesting.scenario.Assignment7@4659191b]" started-at="2022-11-13T12:42:30 IST" name="login" data-provider="login" finished-at="2022-11-13T12:42:35 IST" duration-ms="5261" status="PASS">
          <params>
            <param index="0">
              <value>
                <![CDATA[admin1]]>
              </value>
            </param>
            <param index="1">
              <value>
                <![CDATA[manager1]]>
              </value>
            </param>
          </params>
          <reporter-output>
          </reporter-output>
        </test-method> <!-- login -->
        <test-method signature="minimizeflywindow()[pri:4, instance:com.sgtesting.scenario.Assignment7@4659191b]" started-at="2022-11-13T12:42:35 IST" name="minimizeflywindow" finished-at="2022-11-13T12:42:37 IST" duration-ms="2173" status="PASS">
          <reporter-output>
          </reporter-output>
        </test-method> <!-- minimizeflywindow -->
        <test-method signature="createcustomer(java.lang.String)[pri:5, instance:com.sgtesting.scenario.Assignment7@4659191b]" started-at="2022-11-13T12:42:37 IST" name="createcustomer" data-provider="customer" finished-at="2022-11-13T12:42:48 IST" duration-ms="10739" status="PASS">
          <params>
            <param index="0">
              <value>
                <![CDATA[kailash]]>
              </value>
            </param>
          </params>
          <reporter-output>
          </reporter-output>
        </test-method> <!-- createcustomer -->
        <test-method signature="createproject(java.lang.String)[pri:6, instance:com.sgtesting.scenario.Assignment7@4659191b]" started-at="2022-11-13T12:42:48 IST" name="createproject" data-provider="project" finished-at="2022-11-13T12:43:04 IST" duration-ms="16588" status="PASS">
          <params>
            <param index="0">
              <value>
                <![CDATA[ramya]]>
              </value>
            </param>
          </params>
          <reporter-output>
          </reporter-output>
        </test-method> <!-- createproject -->
        <test-method signature="createtask(java.lang.String)[pri:7, instance:com.sgtesting.scenario.Assignment7@4659191b]" started-at="2022-11-13T12:43:04 IST" name="createtask" data-provider="task" finished-at="2022-11-13T12:43:22 IST" duration-ms="17695" status="PASS">
          <params>
            <param index="0">
              <value>
                <![CDATA[sowmya]]>
              </value>
            </param>
          </params>
          <reporter-output>
          </reporter-output>
        </test-method> <!-- createtask -->
        <test-method signature="deletetask()[pri:8, instance:com.sgtesting.scenario.Assignment7@4659191b]" started-at="2022-11-13T12:43:22 IST" name="deletetask" finished-at="2022-11-13T12:43:38 IST" duration-ms="15535" status="PASS">
          <reporter-output>
          </reporter-output>
        </test-method> <!-- deletetask -->
        <test-method signature="deleteproject()[pri:9, instance:com.sgtesting.scenario.Assignment7@4659191b]" started-at="2022-11-13T12:43:38 IST" name="deleteproject" finished-at="2022-11-13T12:43:58 IST" duration-ms="20500" status="PASS">
          <reporter-output>
          </reporter-output>
        </test-method> <!-- deleteproject -->
        <test-method signature="deletecustomer()[pri:10, instance:com.sgtesting.scenario.Assignment7@4659191b]" started-at="2022-11-13T12:43:58 IST" name="deletecustomer" finished-at="2022-11-13T12:44:15 IST" duration-ms="16573" status="PASS">
          <reporter-output>
          </reporter-output>
        </test-method> <!-- deletecustomer -->
        <test-method signature="logout()[pri:11, instance:com.sgtesting.scenario.Assignment7@4659191b]" started-at="2022-11-13T12:44:15 IST" name="logout" finished-at="2022-11-13T12:44:15 IST" duration-ms="58" status="PASS">
          <reporter-output>
          </reporter-output>
        </test-method> <!-- logout -->
        <test-method signature="closeApplication()[pri:12, instance:com.sgtesting.scenario.Assignment7@4659191b]" started-at="2022-11-13T12:44:15 IST" name="closeApplication" finished-at="2022-11-13T12:44:31 IST" duration-ms="16264" status="PASS">
          <reporter-output>
          </reporter-output>
        </test-method> <!-- closeApplication -->
      </class> <!-- com.sgtesting.scenario.Assignment7 -->
    </test> <!-- Assignment7 -->
    <test started-at="2022-11-13T12:44:31 IST" name="LoginLogoutDemo" finished-at="2022-11-13T12:44:31 IST" duration-ms="31">
      <class name="com.sgtesting.scenario.LoginLogoutDemo">
        <test-method signature="launchBrowser()[pri:1, instance:com.sgtesting.scenario.LoginLogoutDemo@59505b48]" started-at="2022-11-13T12:44:31 IST" name="launchBrowser" finished-at="2022-11-13T12:44:31 IST" duration-ms="8" status="PASS">
          <reporter-output>
          </reporter-output>
        </test-method> <!-- launchBrowser -->
        <test-method signature="navigate()[pri:2, instance:com.sgtesting.scenario.LoginLogoutDemo@59505b48]" started-at="2022-11-13T12:44:31 IST" name="navigate" finished-at="2022-11-13T12:44:31 IST" duration-ms="2" status="PASS">
          <reporter-output>
          </reporter-output>
        </test-method> <!-- navigate -->
        <test-method signature="login(java.lang.String,java.lang.String)[pri:3, instance:com.sgtesting.scenario.LoginLogoutDemo@59505b48]" started-at="2022-11-13T12:44:31 IST" name="login" data-provider="login" finished-at="2022-11-13T12:44:31 IST" duration-ms="2" status="PASS">
          <params>
            <param index="0">
              <value>
                <![CDATA[admin]]>
              </value>
            </param>
            <param index="1">
              <value>
                <![CDATA[manager]]>
              </value>
            </param>
          </params>
          <reporter-output>
          </reporter-output>
        </test-method> <!-- login -->
        <test-method signature="minimizeFlyOutwindow()[pri:4, instance:com.sgtesting.scenario.LoginLogoutDemo@59505b48]" started-at="2022-11-13T12:44:31 IST" name="minimizeFlyOutwindow" finished-at="2022-11-13T12:44:31 IST" duration-ms="2" status="PASS">
          <reporter-output>
          </reporter-output>
        </test-method> <!-- minimizeFlyOutwindow -->
        <test-method signature="logout()[pri:5, instance:com.sgtesting.scenario.LoginLogoutDemo@59505b48]" started-at="2022-11-13T12:44:31 IST" name="logout" finished-at="2022-11-13T12:44:31 IST" duration-ms="3" status="PASS">
          <reporter-output>
          </reporter-output>
        </test-method> <!-- logout -->
        <test-method signature="closeApp()[pri:6, instance:com.sgtesting.scenario.LoginLogoutDemo@59505b48]" started-at="2022-11-13T12:44:31 IST" name="closeApp" finished-at="2022-11-13T12:44:31 IST" duration-ms="2" status="PASS">
          <reporter-output>
          </reporter-output>
        </test-method> <!-- closeApp -->
      </class> <!-- com.sgtesting.scenario.LoginLogoutDemo -->
    </test> <!-- LoginLogoutDemo -->
  </suite> <!-- Test cases -->
</testng-results>
