<?xml version="1.0" encoding="UTF-8"?>
<!-- Generated by org.testng.reporters.JUnitXMLReporter -->
<testsuite ignored="0" hostname="LAPTOP-VCKMUA7G" failures="0" tests="9" name="Assignment2" time="23.801" errors="0" timestamp="2022-11-13T12:41:47 IST">
  <testcase classname="com.sgtesting.scenario.Assignment2" name="lanchDriver" time="4.054"/>
  <testcase classname="com.sgtesting.scenario.Assignment2" name="navigate" time="3.493"/>
  <testcase classname="com.sgtesting.scenario.Assignment2" name="login" time="4.374"/>
  <testcase classname="com.sgtesting.scenario.Assignment2" name="minimizeflywindow" time="0.038"/>
  <testcase classname="com.sgtesting.scenario.Assignment2" name="createuser" time="4.545"/>
  <testcase classname="com.sgtesting.scenario.Assignment2" name="modifyuser" time="5.906"/>
  <testcase classname="com.sgtesting.scenario.Assignment2" name="deleteuser" time="1.095"/>
  <testcase classname="com.sgtesting.scenario.Assignment2" name="logout" time="0.071"/>
  <testcase classname="com.sgtesting.scenario.Assignment2" name="closeApplication" time="0.135"/>
</testsuite> <!-- Assignment2 -->
