<?xml version="1.0" encoding="UTF-8"?>
<!-- Generated by org.testng.reporters.JUnitXMLReporter -->
<testsuite ignored="0" hostname="LAPTOP-VCKMUA7G" failures="0" tests="8" name="Assignment3" time="39.218" errors="0" timestamp="2022-11-13T12:42:26 IST">
  <testcase classname="com.sgtesting.scenario.Assignment3" name="lanchDriver" time="0.65"/>
  <testcase classname="com.sgtesting.scenario.Assignment3" name="navigate" time="2.675"/>
  <testcase classname="com.sgtesting.scenario.Assignment3" name="login" time="3.201"/>
  <testcase classname="com.sgtesting.scenario.Assignment3" name="minimizeflywindow" time="5.101"/>
  <testcase classname="com.sgtesting.scenario.Assignment3" name="createcustomer" time="10.783"/>
  <testcase classname="com.sgtesting.scenario.Assignment3" name="deletecustomer" time="16.621"/>
  <testcase classname="com.sgtesting.scenario.Assignment3" name="logout" time="0.055"/>
  <testcase classname="com.sgtesting.scenario.Assignment3" name="closeApplication" time="0.116"/>
</testsuite> <!-- Assignment3 -->
