<?xml version="1.0" encoding="UTF-8"?>
<!-- Generated by org.testng.reporters.JUnitXMLReporter -->
<testsuite ignored="0" hostname="LAPTOP-VCKMUA7G" failures="0" tests="12" name="Assignment7" time="124.688" errors="0" timestamp="2022-11-13T12:44:31 IST">
  <testcase classname="com.sgtesting.scenario.Assignment7" name="lanchDriver" time="0.681"/>
  <testcase classname="com.sgtesting.scenario.Assignment7" name="navigate" time="2.598"/>
  <testcase classname="com.sgtesting.scenario.Assignment7" name="login" time="5.261"/>
  <testcase classname="com.sgtesting.scenario.Assignment7" name="minimizeflywindow" time="2.173"/>
  <testcase classname="com.sgtesting.scenario.Assignment7" name="createcustomer" time="10.739"/>
  <testcase classname="com.sgtesting.scenario.Assignment7" name="createproject" time="16.588"/>
  <testcase classname="com.sgtesting.scenario.Assignment7" name="createtask" time="17.695"/>
  <testcase classname="com.sgtesting.scenario.Assignment7" name="deletetask" time="15.535"/>
  <testcase classname="com.sgtesting.scenario.Assignment7" name="deleteproject" time="20.5"/>
  <testcase classname="com.sgtesting.scenario.Assignment7" name="deletecustomer" time="16.573"/>
  <testcase classname="com.sgtesting.scenario.Assignment7" name="logout" time="0.058"/>
  <testcase classname="com.sgtesting.scenario.Assignment7" name="closeApplication" time="16.264"/>
</testsuite> <!-- Assignment7 -->
