<?xml version="1.0" encoding="UTF-8"?>
<!-- Generated by org.testng.reporters.JUnitXMLReporter -->
<testsuite ignored="0" hostname="LAPTOP-VCKMUA7G" failures="0" tests="6" name="LoginLogoutDemo" time="0.031" errors="0" timestamp="2022-11-13T12:44:31 IST">
  <testcase classname="com.sgtesting.scenario.LoginLogoutDemo" name="launchBrowser" time="0.008"/>
  <testcase classname="com.sgtesting.scenario.LoginLogoutDemo" name="navigate" time="0.002"/>
  <testcase classname="com.sgtesting.scenario.LoginLogoutDemo" name="login" time="0.002"/>
  <testcase classname="com.sgtesting.scenario.LoginLogoutDemo" name="minimizeFlyOutwindow" time="0.002"/>
  <testcase classname="com.sgtesting.scenario.LoginLogoutDemo" name="logout" time="0.003"/>
  <testcase classname="com.sgtesting.scenario.LoginLogoutDemo" name="closeApp" time="0.002"/>
</testsuite> <!-- LoginLogoutDemo -->
