<?xml version="1.0" encoding="UTF-8"?>
<!-- Generated by org.testng.reporters.JUnitXMLReporter -->
<testsuite ignored="0" hostname="LAPTOP-VCKMUA7G" failures="0" tests="12" name="Default test" time="125.049" errors="0" timestamp="2022-11-10T23:34:44 IST">
  <testcase classname="com.sgtesting.testngscenairo1.Assignment7" name="lanchDriver" time="1.667"/>
  <testcase classname="com.sgtesting.testngscenairo1.Assignment7" name="navigate" time="2.607"/>
  <testcase classname="com.sgtesting.testngscenairo1.Assignment7" name="login" time="5.255"/>
  <testcase classname="com.sgtesting.testngscenairo1.Assignment7" name="minimizeflywindow" time="2.142"/>
  <testcase classname="com.sgtesting.testngscenairo1.Assignment7" name="createcustomer" time="10.678"/>
  <testcase classname="com.sgtesting.testngscenairo1.Assignment7" name="createproject" time="16.469"/>
  <testcase classname="com.sgtesting.testngscenairo1.Assignment7" name="createtask" time="17.562"/>
  <testcase classname="com.sgtesting.testngscenairo1.Assignment7" name="deletetask" time="15.444"/>
  <testcase classname="com.sgtesting.testngscenairo1.Assignment7" name="deleteproject" time="20.36"/>
  <testcase classname="com.sgtesting.testngscenairo1.Assignment7" name="deletecustomer" time="16.435"/>
  <testcase classname="com.sgtesting.testngscenairo1.Assignment7" name="logout" time="0.067"/>
  <testcase classname="com.sgtesting.testngscenairo1.Assignment7" name="closeApplication" time="16.281"/>
</testsuite> <!-- Default test -->
