<?xml version="1.0" encoding="UTF-8"?>
<!-- Generated by org.testng.reporters.JUnitXMLReporter -->
<testsuite ignored="0" hostname="DESKTOP-NNGQNDK" failures="0" tests="3" name="users" time="0.06" errors="0" timestamp="2022-11-08T08:56:21 IST">
  <testcase classname="com.sgtesting.users.Users" name="createUser" time="0.005"/>
  <testcase classname="com.sgtesting.users.Users" name="deleteUser" time="0.004"/>
  <testcase classname="com.sgtesting.users.Users" name="modifyUser" time="0.001"/>
</testsuite> <!-- users -->
